<?xml version="1.0" encoding="UTF-8"?>
<testng-results ignored="0" total="1" passed="1" failed="0" skipped="0">
  <reporter-output>
  </reporter-output>
  <suite started-at="2023-12-20T16:06:42 IST" name="Command line suite" finished-at="2023-12-20T16:06:42 IST" duration-ms="58">
    <groups>
    </groups>
    <test started-at="2023-12-20T16:06:42 IST" name="Command line test" finished-at="2023-12-20T16:06:42 IST" duration-ms="58">
      <class name="Testng.Firsttestngscript">
        <test-method signature="firstfn()[pri:0, instance:Testng.Firsttestngscript@32eebfca]" started-at="2023-12-20T16:06:42 IST" name="firstfn" finished-at="2023-12-20T16:06:42 IST" duration-ms="7" status="PASS">
          <reporter-output>
          </reporter-output>
        </test-method> <!-- firstfn -->
      </class> <!-- Testng.Firsttestngscript -->
    </test> <!-- Command line test -->
  </suite> <!-- Command line suite -->
</testng-results>
